<?xml version="1.0" encoding="UTF-8"?>
<!-- Generated by org.testng.reporters.JUnitReportReporter -->
<testsuite hostname="blr-ml-abacker" failures="0" tests="1" name="com.automationcalling.testsuites.BasicTests2" time="14.569" errors="0" timestamp="30 Aug 2020 06:15:50 GMT">
  <testcase classname="com.automationcalling.testsuites.BasicTests2" name="articleLinkTest" time="14.569"/>
</testsuite> <!-- com.automationcalling.testsuites.BasicTests2 -->
